Arguments: 
  /usr/bin/node /usr/share/yarn/bin/yarn.js add @material-ui/core router-dom

PATH: 
  /home/landaudiogo/.local/bin:/home/landaudiogo/bin:/home/landaudiogo/miniconda3/condabin:/home/landaudiogo/miniconda3/bin:/home/landaudiogo/bin:/usr/local/sbin:/usr/local/bin:/usr/sbin:/usr/bin:/sbin:/bin:/usr/games:/usr/local/games:/mnt/c/ProgramData/Oracle/Java/javapath:/mnt/c/WinAVR-20100110/bin:/mnt/c/WinAVR-20100110/utils/bin:/mnt/c/Program Files (x86)/Common Files/Oracle/Java/javapath:/mnt/c/Program Files (x86)/Intel/iCLS Client/:/mnt/c/Program Files/Intel/iCLS Client/:/mnt/c/Windows/system32:/mnt/c/Windows:/mnt/c/Windows/System32/Wbem:/mnt/c/Windows/System32/WindowsPowerShell/v1.0/:/mnt/c/Program Files (x86)/NVIDIA Corporation/PhysX/Common:/mnt/c/Program Files (x86)/Intel/Intel(R) Management Engine Components/DAL:/mnt/c/Program Files/Intel/Intel(R) Management Engine Components/DAL:/mnt/c/Program Files (x86)/Intel/Intel(R) Management Engine Components/IPT:/mnt/c/Program Files/Intel/Intel(R) Management Engine Components/IPT:/mnt/c/WINDOWS/system32:/mnt/c/WINDOWS:/mnt/c/WINDOWS/System32/Wbem:/mnt/c/WINDOWS/System32/WindowsPowerShell/v1.0/:/mnt/c/WINDOWS/System32/OpenSSH/:/mnt/c/TDM-GCC-32/bin:/mnt/c/Program Files (x86)/QuickTime/QTSystem/:/mnt/c/Program Files/Git/cmd:/mnt/c/Program Files/010 Editor:/mnt/c/Program Files/dotnet/:/mnt/c/Program Files/Docker/Docker/resources/bin:/mnt/c/ProgramData/DockerDesktop/version-bin:/mnt/c/Users/Landaudiogo/AppData/Local/Programs/Python/Python37/Scripts/:/mnt/c/Users/Landaudiogo/AppData/Local/Programs/Python/Python37/:/mnt/c/Users/Landaudiogo/AppData/Local/Microsoft/WindowsApps:/mnt/c/Users/Landaudiogo/AppData/Local/atom/bin:/mnt/c/Users/Landaudiogo/AppData/Local/GitHubDesktop/bin:/mnt/c/Users/Landaudiogo/AppData/Local/Microsoft/WindowsApps:/mnt/c/Program Files/JetBrains/PyCharm Community Edition 2019.2.4/bin:/mnt/c/Users/Landaudiogo/AppData/Local/Programs/Microsoft VS Code/bin:/mnt/c/webdrivers:/snap/bin

Yarn version: 
  1.22.5

Node version: 
  12.18.3

Platform: 
  linux x64

Trace: 
  Error: https://registry.yarnpkg.com/router-dom: Not found
      at Request.params.callback [as _callback] (/usr/share/yarn/lib/cli.js:66988:18)
      at Request.self.callback (/usr/share/yarn/lib/cli.js:140749:22)
      at Request.emit (events.js:315:20)
      at Request.<anonymous> (/usr/share/yarn/lib/cli.js:141721:10)
      at Request.emit (events.js:315:20)
      at IncomingMessage.<anonymous> (/usr/share/yarn/lib/cli.js:141643:12)
      at Object.onceWrapper (events.js:421:28)
      at IncomingMessage.emit (events.js:327:22)
      at endReadableNT (_stream_readable.js:1220:12)
      at processTicksAndRejections (internal/process/task_queues.js:84:21)

npm manifest: 
  No manifest

yarn manifest: 
  No manifest

Lockfile: 
  No lockfile
